<?xml version="1.0" encoding="UTF-8"?>
<testng-results ignored="0" total="1" passed="1" failed="0" skipped="0">
  <reporter-output>
  </reporter-output>
  <suite started-at="2024-02-17T13:37:08 EST" name="Default suite" finished-at="2024-02-17T13:37:32 EST" duration-ms="23528">
    <groups>
    </groups>
    <test started-at="2024-02-17T13:37:08 EST" name="Default test" finished-at="2024-02-17T13:37:32 EST" duration-ms="23528">
      <class name="Selenium_PageFactory.Page_Factory_Frameworks.AppTest">
        <test-method signature="application()[pri:0, instance:Selenium_PageFactory.Page_Factory_Frameworks.AppTest@64b0598]" started-at="2024-02-17T13:37:08 EST" name="application" finished-at="2024-02-17T13:37:32 EST" duration-ms="23364" status="PASS">
          <reporter-output>
          </reporter-output>
        </test-method> <!-- application -->
      </class> <!-- Selenium_PageFactory.Page_Factory_Frameworks.AppTest -->
    </test> <!-- Default test -->
  </suite> <!-- Default suite -->
</testng-results>
